<?xml version="1.0" encoding="UTF-8"?>
<testsuite xmlns:xsi="http://www.w3.org/2001/XMLSchema-instance" xsi:noNamespaceSchemaLocation="https://maven.apache.org/surefire/maven-surefire-plugin/xsd/surefire-test-report-3.0.xsd" version="3.0" name="MyFirstTest" time="6.586" tests="1" errors="0" skipped="0" failures="0">
  <properties>
    <property name="sun.desktop" value="windows"/>
    <property name="awt.toolkit" value="sun.awt.windows.WToolkit"/>
    <property name="java.specification.version" value="11"/>
    <property name="sun.cpu.isalist" value="amd64"/>
    <property name="sun.jnu.encoding" value="Cp1252"/>
    <property name="java.class.path" value="C:\Users\cmeziani\IdeaProjects\MySeleniumTest\target\test-classes;C:\Users\cmeziani\IdeaProjects\MySeleniumTest\target\classes;C:\WINDOWS\system32\config\systemprofile\.m2\repository\junit\junit\4.12\junit-4.12.jar;C:\WINDOWS\system32\config\systemprofile\.m2\repository\org\hamcrest\hamcrest-core\1.3\hamcrest-core-1.3.jar;C:\WINDOWS\system32\config\systemprofile\.m2\repository\org\seleniumhq\selenium\selenium-java\4.0.0-alpha-2\selenium-java-4.0.0-alpha-2.jar;C:\WINDOWS\system32\config\systemprofile\.m2\repository\org\seleniumhq\selenium\selenium-chrome-driver\4.0.0-alpha-2\selenium-chrome-driver-4.0.0-alpha-2.jar;C:\WINDOWS\system32\config\systemprofile\.m2\repository\org\seleniumhq\selenium\selenium-chromium-driver\4.0.0-alpha-2\selenium-chromium-driver-4.0.0-alpha-2.jar;C:\WINDOWS\system32\config\systemprofile\.m2\repository\org\seleniumhq\selenium\selenium-edgehtml-driver\4.0.0-alpha-2\selenium-edgehtml-driver-4.0.0-alpha-2.jar;C:\WINDOWS\system32\config\systemprofile\.m2\repository\org\seleniumhq\selenium\selenium-edge-driver\4.0.0-alpha-2\selenium-edge-driver-4.0.0-alpha-2.jar;C:\WINDOWS\system32\config\systemprofile\.m2\repository\org\seleniumhq\selenium\selenium-firefox-xpi-driver\4.0.0-alpha-2\selenium-firefox-xpi-driver-4.0.0-alpha-2.jar;C:\WINDOWS\system32\config\systemprofile\.m2\repository\org\seleniumhq\selenium\selenium-firefox-driver\4.0.0-alpha-2\selenium-firefox-driver-4.0.0-alpha-2.jar;C:\WINDOWS\system32\config\systemprofile\.m2\repository\org\seleniumhq\selenium\selenium-ie-driver\4.0.0-alpha-2\selenium-ie-driver-4.0.0-alpha-2.jar;C:\WINDOWS\system32\config\systemprofile\.m2\repository\org\seleniumhq\selenium\selenium-remote-driver\4.0.0-alpha-2\selenium-remote-driver-4.0.0-alpha-2.jar;C:\WINDOWS\system32\config\systemprofile\.m2\repository\org\seleniumhq\selenium\selenium-api\4.0.0-alpha-2\selenium-api-4.0.0-alpha-2.jar;C:\WINDOWS\system32\config\systemprofile\.m2\repository\net\bytebuddy\byte-buddy\1.9.12\byte-buddy-1.9.12.jar;C:\WINDOWS\system32\config\systemprofile\.m2\repository\org\apache\commons\commons-exec\1.3\commons-exec-1.3.jar;C:\WINDOWS\system32\config\systemprofile\.m2\repository\io\opentracing\contrib\opentracing-tracerresolver\0.1.7\opentracing-tracerresolver-0.1.7.jar;C:\WINDOWS\system32\config\systemprofile\.m2\repository\io\opentracing\opentracing-api\0.33.0\opentracing-api-0.33.0.jar;C:\WINDOWS\system32\config\systemprofile\.m2\repository\com\squareup\okhttp3\okhttp\3.14.0\okhttp-3.14.0.jar;C:\WINDOWS\system32\config\systemprofile\.m2\repository\com\squareup\okio\okio\1.17.2\okio-1.17.2.jar;C:\WINDOWS\system32\config\systemprofile\.m2\repository\io\opentracing\opentracing-util\0.33.0\opentracing-util-0.33.0.jar;C:\WINDOWS\system32\config\systemprofile\.m2\repository\io\opentracing\opentracing-noop\0.33.0\opentracing-noop-0.33.0.jar;C:\WINDOWS\system32\config\systemprofile\.m2\repository\org\seleniumhq\selenium\selenium-opera-driver\4.0.0-alpha-2\selenium-opera-driver-4.0.0-alpha-2.jar;C:\WINDOWS\system32\config\systemprofile\.m2\repository\org\seleniumhq\selenium\selenium-safari-driver\4.0.0-alpha-2\selenium-safari-driver-4.0.0-alpha-2.jar;C:\WINDOWS\system32\config\systemprofile\.m2\repository\org\seleniumhq\selenium\selenium-support\4.0.0-alpha-2\selenium-support-4.0.0-alpha-2.jar;C:\WINDOWS\system32\config\systemprofile\.m2\repository\com\google\guava\guava\28.1-jre\guava-28.1-jre.jar;C:\WINDOWS\system32\config\systemprofile\.m2\repository\com\google\guava\failureaccess\1.0.1\failureaccess-1.0.1.jar;C:\WINDOWS\system32\config\systemprofile\.m2\repository\com\google\guava\listenablefuture\9999.0-empty-to-avoid-conflict-with-guava\listenablefuture-9999.0-empty-to-avoid-conflict-with-guava.jar;C:\WINDOWS\system32\config\systemprofile\.m2\repository\com\google\code\findbugs\jsr305\3.0.2\jsr305-3.0.2.jar;C:\WINDOWS\system32\config\systemprofile\.m2\repository\org\checkerframework\checker-qual\2.8.1\checker-qual-2.8.1.jar;C:\WINDOWS\system32\config\systemprofile\.m2\repository\com\google\errorprone\error_prone_annotations\2.3.2\error_prone_annotations-2.3.2.jar;C:\WINDOWS\system32\config\systemprofile\.m2\repository\com\google\j2objc\j2objc-annotations\1.3\j2objc-annotations-1.3.jar;C:\WINDOWS\system32\config\systemprofile\.m2\repository\org\codehaus\mojo\animal-sniffer-annotations\1.18\animal-sniffer-annotations-1.18.jar;C:\WINDOWS\system32\config\systemprofile\.m2\repository\com\googlecode\json-simple\json-simple\1.1.1\json-simple-1.1.1.jar;C:\WINDOWS\system32\config\systemprofile\.m2\repository\org\testng\testng\7.0.0\testng-7.0.0.jar;C:\WINDOWS\system32\config\systemprofile\.m2\repository\com\beust\jcommander\1.72\jcommander-1.72.jar;"/>
    <property name="java.vm.vendor" value="Oracle Corporation"/>
    <property name="sun.arch.data.model" value="64"/>
    <property name="user.variant" value=""/>
    <property name="java.vendor.url" value="http://java.oracle.com/"/>
    <property name="user.timezone" value="Europe/Berlin"/>
    <property name="java.vm.specification.version" value="11"/>
    <property name="os.name" value="Windows 10"/>
    <property name="sun.java.launcher" value="SUN_STANDARD"/>
    <property name="user.country" value="DE"/>
    <property name="sun.boot.library.path" value="C:\Program Files\jdk-11.0.2\bin"/>
    <property name="sun.java.command" value="C:\Windows\Temp\surefire14834742788543567702\surefirebooter5602088196555213661.jar C:\Windows\Temp\surefire14834742788543567702 2019-12-04T09-23-05_421-jvmRun1 surefire6331333065389545996tmp surefire_010367805959405976031tmp"/>
    <property name="jdk.debug" value="release"/>
    <property name="surefire.test.class.path" value="C:\Users\cmeziani\IdeaProjects\MySeleniumTest\target\test-classes;C:\Users\cmeziani\IdeaProjects\MySeleniumTest\target\classes;C:\WINDOWS\system32\config\systemprofile\.m2\repository\junit\junit\4.12\junit-4.12.jar;C:\WINDOWS\system32\config\systemprofile\.m2\repository\org\hamcrest\hamcrest-core\1.3\hamcrest-core-1.3.jar;C:\WINDOWS\system32\config\systemprofile\.m2\repository\org\seleniumhq\selenium\selenium-java\4.0.0-alpha-2\selenium-java-4.0.0-alpha-2.jar;C:\WINDOWS\system32\config\systemprofile\.m2\repository\org\seleniumhq\selenium\selenium-chrome-driver\4.0.0-alpha-2\selenium-chrome-driver-4.0.0-alpha-2.jar;C:\WINDOWS\system32\config\systemprofile\.m2\repository\org\seleniumhq\selenium\selenium-chromium-driver\4.0.0-alpha-2\selenium-chromium-driver-4.0.0-alpha-2.jar;C:\WINDOWS\system32\config\systemprofile\.m2\repository\org\seleniumhq\selenium\selenium-edgehtml-driver\4.0.0-alpha-2\selenium-edgehtml-driver-4.0.0-alpha-2.jar;C:\WINDOWS\system32\config\systemprofile\.m2\repository\org\seleniumhq\selenium\selenium-edge-driver\4.0.0-alpha-2\selenium-edge-driver-4.0.0-alpha-2.jar;C:\WINDOWS\system32\config\systemprofile\.m2\repository\org\seleniumhq\selenium\selenium-firefox-xpi-driver\4.0.0-alpha-2\selenium-firefox-xpi-driver-4.0.0-alpha-2.jar;C:\WINDOWS\system32\config\systemprofile\.m2\repository\org\seleniumhq\selenium\selenium-firefox-driver\4.0.0-alpha-2\selenium-firefox-driver-4.0.0-alpha-2.jar;C:\WINDOWS\system32\config\systemprofile\.m2\repository\org\seleniumhq\selenium\selenium-ie-driver\4.0.0-alpha-2\selenium-ie-driver-4.0.0-alpha-2.jar;C:\WINDOWS\system32\config\systemprofile\.m2\repository\org\seleniumhq\selenium\selenium-remote-driver\4.0.0-alpha-2\selenium-remote-driver-4.0.0-alpha-2.jar;C:\WINDOWS\system32\config\systemprofile\.m2\repository\org\seleniumhq\selenium\selenium-api\4.0.0-alpha-2\selenium-api-4.0.0-alpha-2.jar;C:\WINDOWS\system32\config\systemprofile\.m2\repository\net\bytebuddy\byte-buddy\1.9.12\byte-buddy-1.9.12.jar;C:\WINDOWS\system32\config\systemprofile\.m2\repository\org\apache\commons\commons-exec\1.3\commons-exec-1.3.jar;C:\WINDOWS\system32\config\systemprofile\.m2\repository\io\opentracing\contrib\opentracing-tracerresolver\0.1.7\opentracing-tracerresolver-0.1.7.jar;C:\WINDOWS\system32\config\systemprofile\.m2\repository\io\opentracing\opentracing-api\0.33.0\opentracing-api-0.33.0.jar;C:\WINDOWS\system32\config\systemprofile\.m2\repository\com\squareup\okhttp3\okhttp\3.14.0\okhttp-3.14.0.jar;C:\WINDOWS\system32\config\systemprofile\.m2\repository\com\squareup\okio\okio\1.17.2\okio-1.17.2.jar;C:\WINDOWS\system32\config\systemprofile\.m2\repository\io\opentracing\opentracing-util\0.33.0\opentracing-util-0.33.0.jar;C:\WINDOWS\system32\config\systemprofile\.m2\repository\io\opentracing\opentracing-noop\0.33.0\opentracing-noop-0.33.0.jar;C:\WINDOWS\system32\config\systemprofile\.m2\repository\org\seleniumhq\selenium\selenium-opera-driver\4.0.0-alpha-2\selenium-opera-driver-4.0.0-alpha-2.jar;C:\WINDOWS\system32\config\systemprofile\.m2\repository\org\seleniumhq\selenium\selenium-safari-driver\4.0.0-alpha-2\selenium-safari-driver-4.0.0-alpha-2.jar;C:\WINDOWS\system32\config\systemprofile\.m2\repository\org\seleniumhq\selenium\selenium-support\4.0.0-alpha-2\selenium-support-4.0.0-alpha-2.jar;C:\WINDOWS\system32\config\systemprofile\.m2\repository\com\google\guava\guava\28.1-jre\guava-28.1-jre.jar;C:\WINDOWS\system32\config\systemprofile\.m2\repository\com\google\guava\failureaccess\1.0.1\failureaccess-1.0.1.jar;C:\WINDOWS\system32\config\systemprofile\.m2\repository\com\google\guava\listenablefuture\9999.0-empty-to-avoid-conflict-with-guava\listenablefuture-9999.0-empty-to-avoid-conflict-with-guava.jar;C:\WINDOWS\system32\config\systemprofile\.m2\repository\com\google\code\findbugs\jsr305\3.0.2\jsr305-3.0.2.jar;C:\WINDOWS\system32\config\systemprofile\.m2\repository\org\checkerframework\checker-qual\2.8.1\checker-qual-2.8.1.jar;C:\WINDOWS\system32\config\systemprofile\.m2\repository\com\google\errorprone\error_prone_annotations\2.3.2\error_prone_annotations-2.3.2.jar;C:\WINDOWS\system32\config\systemprofile\.m2\repository\com\google\j2objc\j2objc-annotations\1.3\j2objc-annotations-1.3.jar;C:\WINDOWS\system32\config\systemprofile\.m2\repository\org\codehaus\mojo\animal-sniffer-annotations\1.18\animal-sniffer-annotations-1.18.jar;C:\WINDOWS\system32\config\systemprofile\.m2\repository\com\googlecode\json-simple\json-simple\1.1.1\json-simple-1.1.1.jar;C:\WINDOWS\system32\config\systemprofile\.m2\repository\org\testng\testng\7.0.0\testng-7.0.0.jar;C:\WINDOWS\system32\config\systemprofile\.m2\repository\com\beust\jcommander\1.72\jcommander-1.72.jar;"/>
    <property name="sun.cpu.endian" value="little"/>
    <property name="user.home" value="C:\WINDOWS\system32\config\systemprofile"/>
    <property name="user.language" value="de"/>
    <property name="java.specification.vendor" value="Oracle Corporation"/>
    <property name="java.version.date" value="2019-01-15"/>
    <property name="java.home" value="C:\Program Files\jdk-11.0.2"/>
    <property name="file.separator" value="\"/>
    <property name="basedir" value="C:\Users\cmeziani\IdeaProjects\MySeleniumTest"/>
    <property name="java.vm.compressedOopsMode" value="32-bit"/>
    <property name="line.separator" value="&#10;"/>
    <property name="java.specification.name" value="Java Platform API Specification"/>
    <property name="java.vm.specification.vendor" value="Oracle Corporation"/>
    <property name="java.awt.graphicsenv" value="sun.awt.Win32GraphicsEnvironment"/>
    <property name="surefire.real.class.path" value="C:\Windows\Temp\surefire14834742788543567702\surefirebooter5602088196555213661.jar"/>
    <property name="user.script" value=""/>
    <property name="sun.management.compiler" value="HotSpot 64-Bit Tiered Compilers"/>
    <property name="java.runtime.version" value="11.0.2+9"/>
    <property name="user.name" value="WIN10DEV01$"/>
    <property name="path.separator" value=";"/>
    <property name="os.version" value="10.0"/>
    <property name="java.runtime.name" value="OpenJDK Runtime Environment"/>
    <property name="file.encoding" value="Cp1252"/>
    <property name="java.vm.name" value="OpenJDK 64-Bit Server VM"/>
    <property name="java.vendor.version" value="18.9"/>
    <property name="localRepository" value="C:\WINDOWS\system32\config\systemprofile\.m2\repository"/>
    <property name="java.vendor.url.bug" value="http://bugreport.java.com/bugreport/"/>
    <property name="java.io.tmpdir" value="C:\WINDOWS\TEMP\"/>
    <property name="java.version" value="11.0.2"/>
    <property name="user.dir" value="C:\Users\cmeziani\IdeaProjects\MySeleniumTest"/>
    <property name="os.arch" value="amd64"/>
    <property name="java.vm.specification.name" value="Java Virtual Machine Specification"/>
    <property name="java.awt.printerjob" value="sun.awt.windows.WPrinterJob"/>
    <property name="sun.os.patch.level" value=""/>
    <property name="java.library.path" value="C:\Program Files\jdk-11.0.2\bin;C:\WINDOWS\Sun\Java\bin;C:\WINDOWS\system32;C:\WINDOWS;C:\MyLibs\apache-maven-3.6.3/bin;C:\Program Files\jdk-11.0.2/bin;C:\Program Files\jdk-11.0.2/bin;C:\WINDOWS\system32;C:\WINDOWS;C:\WINDOWS\System32\Wbem;C:\WINDOWS\System32\WindowsPowerShell\v1.0\;C:\WINDOWS\System32\OpenSSH\;C:\Program Files\Git\cmd;C:\Program Files\TortoiseGit\bin;C:\Program Files (x86)\Common Files\Oracle\Java\javapath;C:\WINDOWS\system32\config\systemprofile\AppData\Local\Microsoft\WindowsApps;."/>
    <property name="java.vendor" value="Oracle Corporation"/>
    <property name="java.vm.info" value="mixed mode"/>
    <property name="java.vm.version" value="11.0.2+9"/>
    <property name="sun.io.unicode.encoding" value="UnicodeLittle"/>
    <property name="java.class.version" value="55.0"/>
  </properties>
  <testcase name="testOne on testOne(MyFirstTest)" classname="MyFirstTest" time="6.082"/>
</testsuite>