<?xml version="1.0" encoding="UTF-8"?>
<!-- Generated by org.testng.reporters.JUnitReportReporter -->
<testsuite hostname="Win10Dev01" failures="0" tests="1" name="MyFirstTest" time="6.092" errors="0" timestamp="2019-12-04T09:23:13 MEZ" skipped="0">
  <testcase classname="MyFirstTest" name="testOne" time="6.092"/>
</testsuite> <!-- MyFirstTest -->
